Case #1: 1 0
Case #2: 1 0
Case #3: 1 1
Case #4: 0 0
Case #5: 500 499
Case #6: 0 0
Case #7: 0 0
Case #8: 1 0
Case #9: 3 3
Case #10: 0 0
Case #11: 0 0
Case #12: 0 0
Case #13: 3 2
Case #14: 0 0
Case #15: 0 0
Case #16: 0 0
Case #17: 0 0
Case #18: 0 0
Case #19: 1 1
Case #20: 1 0
Case #21: 0 0
Case #22: 0 0
Case #23: 1 0
Case #24: 0 0
Case #25: 0 0
Case #26: 0 0
Case #27: 0 0
Case #28: 2 2
Case #29: 3 3
Case #30: 0 0
Case #31: 7 6
Case #32: 0 0
Case #33: 250 249
Case #34: 250 249
Case #35: 3 2
Case #36: 0 0
Case #37: 1 1
Case #38: 1 1
Case #39: 0 0
Case #40: 3 3
Case #41: 499 499
Case #42: 1 1
Case #43: 0 0
Case #44: 0 0
Case #45: 1 1
Case #46: 1 1
Case #47: 0 0
Case #48: 1 0
Case #49: 0 0
Case #50: 1 0
Case #51: 0 0
Case #52: 1 0
Case #53: 0 0
Case #54: 1 0
Case #55: 0 0
Case #56: 0 0
Case #57: 1 0
Case #58: 249 249
Case #59: 0 0
Case #60: 7 6
Case #61: 0 0
Case #62: 1 0
Case #63: 0 0
Case #64: 0 0
Case #65: 0 0
Case #66: 3 3
Case #67: 1 0
Case #68: 0 0
Case #69: 0 0
Case #70: 0 0
Case #71: 0 0
Case #72: 0 0
Case #73: 3 2
Case #74: 1 1
Case #75: 0 0
Case #76: 0 0
Case #77: 2 1
Case #78: 1 0
Case #79: 0 0
Case #80: 0 0
Case #81: 0 0
Case #82: 1 1
Case #83: 1 0
Case #84: 0 0
Case #85: 0 0
Case #86: 0 0
Case #87: 1 0
Case #88: 1 0
Case #89: 1 1
Case #90: 0 0
Case #91: 1 0
Case #92: 0 0
Case #93: 0 0
Case #94: 3 2
Case #95: 1 1
Case #96: 1 0
Case #97: 125 124
Case #98: 0 0
Case #99: 0 0
Case #100: 1 0
